running develop
running egg_info
creating swerve_steer.egg-info
writing swerve_steer.egg-info/PKG-INFO
writing dependency_links to swerve_steer.egg-info/dependency_links.txt
writing entry points to swerve_steer.egg-info/entry_points.txt
writing requirements to swerve_steer.egg-info/requires.txt
writing top-level names to swerve_steer.egg-info/top_level.txt
writing manifest file 'swerve_steer.egg-info/SOURCES.txt'
reading manifest file 'swerve_steer.egg-info/SOURCES.txt'
writing manifest file 'swerve_steer.egg-info/SOURCES.txt'
running build_ext
Creating /home/yash/steer_ws/src/swerve-steer/install/swerve-steer/lib/python3.10/site-packages/swerve-steer.egg-link (link to .)

Installed /home/yash/steer_ws/src/swerve-steer/build/swerve-steer
running symlink_data
creating /home/yash/steer_ws/src/swerve-steer/install/swerve-steer/share/ament_index
creating /home/yash/steer_ws/src/swerve-steer/install/swerve-steer/share/ament_index/resource_index
creating /home/yash/steer_ws/src/swerve-steer/install/swerve-steer/share/ament_index/resource_index/packages
symbolically linking /home/yash/steer_ws/src/swerve-steer/build/swerve-steer/resource/swerve-steer -> /home/yash/steer_ws/src/swerve-steer/install/swerve-steer/share/ament_index/resource_index/packages
symbolically linking /home/yash/steer_ws/src/swerve-steer/build/swerve-steer/package.xml -> /home/yash/steer_ws/src/swerve-steer/install/swerve-steer/share/swerve-steer
