[1.149s] Invoking command in '/home/yash/steer_ws/src/swerve-steer/build/swerve-steer': CONDA_PROMPT_MODIFIER=(base) PYTHONPATH=/home/yash/steer_ws/src/swerve-steer/build/swerve-steer/prefix_override:/usr/lib/python3/dist-packages/colcon_core/task/python/colcon_distutils_commands:/home/yash/steer_ws/src/swerve-steer/install/swerve-steer/lib/python3.10/site-packages:${PYTHONPATH} /usr/bin/python3 -W ignore:setup.py install is deprecated -W ignore:easy_install command is deprecated setup.py develop --editable --build-directory /home/yash/steer_ws/src/swerve-steer/build/swerve-steer/build --no-deps symlink_data
[1.630s] running develop
[1.917s] running egg_info
[1.917s] creating swerve_steer.egg-info
[1.917s] writing swerve_steer.egg-info/PKG-INFO
[1.918s] writing dependency_links to swerve_steer.egg-info/dependency_links.txt
[1.918s] writing entry points to swerve_steer.egg-info/entry_points.txt
[1.918s] writing requirements to swerve_steer.egg-info/requires.txt
[1.918s] writing top-level names to swerve_steer.egg-info/top_level.txt
[1.918s] writing manifest file 'swerve_steer.egg-info/SOURCES.txt'
[1.921s] reading manifest file 'swerve_steer.egg-info/SOURCES.txt'
[1.922s] writing manifest file 'swerve_steer.egg-info/SOURCES.txt'
[1.924s] running build_ext
[1.924s] Creating /home/yash/steer_ws/src/swerve-steer/install/swerve-steer/lib/python3.10/site-packages/swerve-steer.egg-link (link to .)
[1.925s] 
[1.925s] Installed /home/yash/steer_ws/src/swerve-steer/build/swerve-steer
[1.926s] running symlink_data
[1.926s] creating /home/yash/steer_ws/src/swerve-steer/install/swerve-steer/share/ament_index
[1.926s] creating /home/yash/steer_ws/src/swerve-steer/install/swerve-steer/share/ament_index/resource_index
[1.926s] creating /home/yash/steer_ws/src/swerve-steer/install/swerve-steer/share/ament_index/resource_index/packages
[1.926s] symbolically linking /home/yash/steer_ws/src/swerve-steer/build/swerve-steer/resource/swerve-steer -> /home/yash/steer_ws/src/swerve-steer/install/swerve-steer/share/ament_index/resource_index/packages
[1.926s] symbolically linking /home/yash/steer_ws/src/swerve-steer/build/swerve-steer/package.xml -> /home/yash/steer_ws/src/swerve-steer/install/swerve-steer/share/swerve-steer
[1.971s] Invoked command in '/home/yash/steer_ws/src/swerve-steer/build/swerve-steer' returned '0': CONDA_PROMPT_MODIFIER=(base) PYTHONPATH=/home/yash/steer_ws/src/swerve-steer/build/swerve-steer/prefix_override:/usr/lib/python3/dist-packages/colcon_core/task/python/colcon_distutils_commands:/home/yash/steer_ws/src/swerve-steer/install/swerve-steer/lib/python3.10/site-packages:${PYTHONPATH} /usr/bin/python3 -W ignore:setup.py install is deprecated -W ignore:easy_install command is deprecated setup.py develop --editable --build-directory /home/yash/steer_ws/src/swerve-steer/build/swerve-steer/build --no-deps symlink_data
